<?xml version="1.0" encoding="UTF-8"?>
<!-- Generated by org.testng.reporters.JUnitXMLReporter -->
<testsuite hostname="TIPS" ignored="0" name="Command line test" tests="1" failures="0" timestamp="04 Mar 2022 05:31:53 GMT" time="2.04" errors="0">
  <testcase name="@BeforeMethod setUp" time="2.01" classname="db_projecttestCases.LoginTest">
    <failure type="org.openqa.selenium.SessionNotCreatedException" message="session not created: This version of ChromeDriver only supports Chrome version 97
Current browser version is 99.0.4844.51 with binary path C:\Program Files\Google\Chrome\Application\chrome.exe
Build info: version: &amp;apos;3.141.59&amp;apos;, revision: &amp;apos;e82be7d358&amp;apos;, time: &amp;apos;2018-11-14T08:17:03&amp;apos;
System info: host: &amp;apos;TIPS&amp;apos;, ip: &amp;apos;192.168.1.74&amp;apos;, os.name: &amp;apos;Windows 10&amp;apos;, os.arch: &amp;apos;amd64&amp;apos;, os.version: &amp;apos;10.0&amp;apos;, java.version: &amp;apos;1.8.0_311&amp;apos;
Driver info: driver.version: ChromeDriver
remote stacktrace: Backtrace:
	Ordinal0 [0x008BFDC3+2555331]
	Ordinal0 [0x008577F1+2127857]
	Ordinal0 [0x00752E08+1060360]
	Ordinal0 [0x007719CA+1186250]
	Ordinal0 [0x0076D825+1169445]
	Ordinal0 [0x0076AFC1+1159105]
	Ordinal0 [0x0079C22F+1360431]
	Ordinal0 [0x0079BE9A+1359514]
	Ordinal0 [0x00797976+1341814]
	Ordinal0 [0x007736B6+1193654]
	Ordinal0 [0x00774546+1197382]
	GetHandleVerifier [0x00A59622+1619522]
	GetHandleVerifier [0x00B0882C+2336844]
	GetHandleVerifier [0x009523E1+541697]
	GetHandleVerifier [0x00951443+537699]
	Ordinal0 [0x0085D18E+2150798]
	Ordinal0 [0x00861518+2168088]
	Ordinal0 [0x00861660+2168416]
	Ordinal0 [0x0086B330+2208560]
	BaseThreadInitThunk [0x7625FA29+25]
	RtlGetAppContainerNamedObjectPath [0x77507A9E+286]
	RtlGetAppContainerNamedObjectPath [0x77507A6E+238]
">
      <![CDATA[org.openqa.selenium.SessionNotCreatedException: session not created: This version of ChromeDriver only supports Chrome version 97
Current browser version is 99.0.4844.51 with binary path C:\Program Files\Google\Chrome\Application\chrome.exe
Build info: version: '3.141.59', revision: 'e82be7d358', time: '2018-11-14T08:17:03'
System info: host: 'TIPS', ip: '192.168.1.74', os.name: 'Windows 10', os.arch: 'amd64', os.version: '10.0', java.version: '1.8.0_311'
Driver info: driver.version: ChromeDriver
remote stacktrace: Backtrace:
Ordinal0 [0x008BFDC3+2555331]
Ordinal0 [0x008577F1+2127857]
Ordinal0 [0x00752E08+1060360]
Ordinal0 [0x007719CA+1186250]
Ordinal0 [0x0076D825+1169445]
Ordinal0 [0x0076AFC1+1159105]
Ordinal0 [0x0079C22F+1360431]
Ordinal0 [0x0079BE9A+1359514]
Ordinal0 [0x00797976+1341814]
Ordinal0 [0x007736B6+1193654]
Ordinal0 [0x00774546+1197382]
GetHandleVerifier [0x00A59622+1619522]
GetHandleVerifier [0x00B0882C+2336844]
GetHandleVerifier [0x009523E1+541697]
GetHandleVerifier [0x00951443+537699]
Ordinal0 [0x0085D18E+2150798]
Ordinal0 [0x00861518+2168088]
Ordinal0 [0x00861660+2168416]
Ordinal0 [0x0086B330+2208560]
BaseThreadInitThunk [0x7625FA29+25]
RtlGetAppContainerNamedObjectPath [0x77507A9E+286]
RtlGetAppContainerNamedObjectPath [0x77507A6E+238]

at org.openqa.selenium.remote.W3CHandshakeResponse.lambda$errorHandler$0(W3CHandshakeResponse.java:62)
at org.openqa.selenium.remote.HandshakeResponse.lambda$getResponseFunction$0(HandshakeResponse.java:30)
at org.openqa.selenium.remote.ProtocolHandshake.lambda$createSession$0(ProtocolHandshake.java:126)
at java.util.stream.ReferencePipeline$3$1.accept(ReferencePipeline.java:193)
at java.util.Spliterators$ArraySpliterator.tryAdvance(Spliterators.java:958)
at java.util.stream.ReferencePipeline.forEachWithCancel(ReferencePipeline.java:126)
at java.util.stream.AbstractPipeline.copyIntoWithCancel(AbstractPipeline.java:499)
at java.util.stream.AbstractPipeline.copyInto(AbstractPipeline.java:486)
at java.util.stream.AbstractPipeline.wrapAndCopyInto(AbstractPipeline.java:472)
at java.util.stream.FindOps$FindOp.evaluateSequential(FindOps.java:152)
at java.util.stream.AbstractPipeline.evaluate(AbstractPipeline.java:234)
at java.util.stream.ReferencePipeline.findFirst(ReferencePipeline.java:464)
at org.openqa.selenium.remote.ProtocolHandshake.createSession(ProtocolHandshake.java:128)
at org.openqa.selenium.remote.ProtocolHandshake.createSession(ProtocolHandshake.java:74)
at org.openqa.selenium.remote.HttpCommandExecutor.execute(HttpCommandExecutor.java:136)
at org.openqa.selenium.remote.service.DriverCommandExecutor.execute(DriverCommandExecutor.java:83)
at org.openqa.selenium.remote.RemoteWebDriver.execute(RemoteWebDriver.java:552)
at org.openqa.selenium.remote.RemoteWebDriver.startSession(RemoteWebDriver.java:213)
at org.openqa.selenium.remote.RemoteWebDriver.<init>(RemoteWebDriver.java:131)
at org.openqa.selenium.chrome.ChromeDriver.<init>(ChromeDriver.java:181)
at org.openqa.selenium.chrome.ChromeDriver.<init>(ChromeDriver.java:168)
at org.openqa.selenium.chrome.ChromeDriver.<init>(ChromeDriver.java:123)
at base.TestBase.init(TestBase.java:25)
at db_projecttestCases.LoginTest.setUp(LoginTest.java:21)
... Removed 41 stack frames]]>
    </failure>
  </testcase> <!-- @BeforeMethod setUp -->
  <testcase name="loginTest" time="0.0" classname="db_projecttestCases.LoginTest">
    <skipped/>
  </testcase> <!-- loginTest -->
</testsuite> <!-- Command line test -->
